<?xml version="1.0" encoding="UTF-8"?>
<testsuite xmlns:xsi="http://www.w3.org/2001/XMLSchema-instance" xsi:noNamespaceSchemaLocation="https://maven.apache.org/surefire/maven-surefire-plugin/xsd/surefire-test-report.xsd" name="com.bootexample4.products.model.Product_setPrice_fa182f5c65_Test" time="0.067" tests="3" errors="0" skipped="0" failures="0">
  <properties>
[...]
</properties>
  <testcase name="testSetPrice_Positive" classname="com.bootexample4.products.model.Product_setPrice_fa182f5c65_Test" time="0.033"/>
  <testcase name="testSetPrice_Negative" classname="com.bootexample4.products.model.Product_setPrice_fa182f5c65_Test" time="0.002"/>
  <testcase name="testSetPrice_Zero" classname="com.bootexample4.products.model.Product_setPrice_fa182f5c65_Test" time="0.004"/>
</testsuite>